2017-12-20 05:24:38 +0000  Initial pipeline context: <IDEDistributionProcessingPipelineContext: 0x7fc1218d9110; archive(resolved)='<IDEArchive: 0x7fc11a721d80>', distributionTask(resolved)='2', distributionMethod(resolved)='<IDEDistributionMethodAdHoc: 0x7fc1208362b0>', team(resolved)='<IDEProvisioningBasicTeam 0x7fc120ad9150: teamID: 2K32Z7H6XV, teamName: VoipCom HD Sagl>'>
	Chain (11, self inclusive):
	<IDEDistributionProcessingPipelineContext: 0x7fc1218d9110; archive = '<IDEArchive: 0x7fc11a721d80>', distributionMethod='<IDEDistributionMethodAdHoc: 0x7fc1208362b0>', team='<IDEProvisioningBasicTeam 0x7fc120ad9150: teamID: 2K32Z7H6XV, teamName: VoipCom HD Sagl>'>
	<IDEDistributionProcessingPipelineContext: 0x7fc122ae0e20; archive = '<IDEArchive: 0x7fc11a721d80>', distributionMethod='<IDEDistributionMethodAdHoc: 0x7fc1208362b0>', team='<IDEProvisioningBasicTeam 0x7fc120ad9150: teamID: 2K32Z7H6XV, teamName: VoipCom HD Sagl>'>
	<IDEDistributionContext: 0x7fc11b976f50; archive = '<IDEArchive: 0x7fc11a721d80>', distributionMethod='<IDEDistributionMethodAdHoc: 0x7fc1208362b0>', team='<IDEProvisioningBasicTeam 0x7fc120ad9150: teamID: 2K32Z7H6XV, teamName: VoipCom HD Sagl>'>
	<IDEDistributionContext: 0x7fc122b1b7b0; archive = '<IDEArchive: 0x7fc11a721d80>', distributionMethod='<IDEDistributionMethodAdHoc: 0x7fc1208362b0>', team='<IDEProvisioningBasicTeam 0x7fc120ad9150: teamID: 2K32Z7H6XV, teamName: VoipCom HD Sagl>'>
	<IDEDistributionContext: 0x7fc122bfb8c0; archive = '<IDEArchive: 0x7fc11a721d80>', distributionMethod='<IDEDistributionMethodAdHoc: 0x7fc1208362b0>', team='<IDEProvisioningBasicTeam 0x7fc120ad9150: teamID: 2K32Z7H6XV, teamName: VoipCom HD Sagl>'>
	<IDEDistributionContext: 0x7fc122f92350; archive = '<IDEArchive: 0x7fc11a721d80>', distributionMethod='<IDEDistributionMethodAdHoc: 0x7fc1208362b0>', team='<IDEProvisioningBasicTeam 0x7fc120ad9150: teamID: 2K32Z7H6XV, teamName: VoipCom HD Sagl>'>
	<IDEDistributionContext: 0x7fc122fc73e0; archive = '<IDEArchive: 0x7fc11a721d80>', distributionMethod='<IDEDistributionMethodAdHoc: 0x7fc1208362b0>', team='<IDEProvisioningBasicTeam 0x7fc120ad9150: teamID: 2K32Z7H6XV, teamName: VoipCom HD Sagl>'>
	<IDEDistributionContext: 0x7fc120d27920; archive = '<IDEArchive: 0x7fc11a721d80>', distributionMethod='<IDEDistributionMethodAdHoc: 0x7fc1208362b0>', team='<IDEProvisioningBasicTeam 0x7fc120ad9150: teamID: 2K32Z7H6XV, teamName: VoipCom HD Sagl>'>
	<IDEDistributionContext: 0x7fc122e09230; archive = '<IDEArchive: 0x7fc11a721d80>', distributionMethod='<IDEDistributionMethodAdHoc: 0x7fc1208362b0>', team='<IDEProvisioningBasicTeam 0x7fc120ad9150: teamID: 2K32Z7H6XV, teamName: VoipCom HD Sagl>'>
	<IDEDistributionContext: 0x7fc120a5b0a0; archive = '<IDEArchive: 0x7fc11a721d80>', distributionMethod='<IDEDistributionMethodAdHoc: 0x7fc1208362b0>', team='(null)'>
	<IDEDistributionContext: 0x7fc121e2d9a0; archive = '<IDEArchive: 0x7fc11a721d80>', distributionMethod='(null)', team='(null)'>
</IDEDistributionProcessingPipelineContext: 0x7fc1218d9110>
2017-12-20 05:24:38 +0000  Processing step: IDEDistributionCreateDestRootStep
2017-12-20 05:24:38 +0000  Processing step: IDEDistributionCopyItemStep
2017-12-20 05:24:38 +0000  Running /usr/bin/ditto '-V' '/Users/mohitsharma/Library/Developer/Xcode/Archives/2017-06-17/NotificheComunediParadiso 17-06-17, 1.10 AM.xcarchive/Products/Applications/Notifiche Comune di Paradiso.app' '/var/folders/pp/4tsy1r2n4sb822z2kwb5bpmh0000gn/T/XcodeDistPipeline.JIu/Root/Payload/Notifiche Comune di Paradiso.app'
2017-12-20 05:24:38 +0000  >>> Copying /Users/mohitsharma/Library/Developer/Xcode/Archives/2017-06-17/NotificheComunediParadiso 17-06-17, 1.10 AM.xcarchive/Products/Applications/Notifiche Comune di Paradiso.app 
2017-12-20 05:24:38 +0000  copying file ./_CodeSignature/CodeResources ... 
2017-12-20 05:24:38 +0000  15257 bytes for ./_CodeSignature/CodeResources
2017-12-20 05:24:38 +0000  copying file ./AppIcon20x20@2x.png ... 
2017-12-20 05:24:38 +0000  2017 bytes for ./AppIcon20x20@2x.png
copying file ./AppIcon20x20@2x~ipad.png ... 
2017-12-20 05:24:38 +0000  2017 bytes for ./AppIcon20x20@2x~ipad.png
2017-12-20 05:24:38 +0000  copying file ./AppIcon20x20@3x.png ... 
2017-12-20 05:24:38 +0000  3683 bytes for ./AppIcon20x20@3x.png
2017-12-20 05:24:39 +0000  copying file ./AppIcon20x20~ipad.png ... 
2017-12-20 05:24:39 +0000  759 bytes for ./AppIcon20x20~ipad.png
copying file ./AppIcon29x29.png ... 
2017-12-20 05:24:39 +0000  1270 bytes for ./AppIcon29x29.png
copying file ./AppIcon29x29@2x.png ... 
2017-12-20 05:24:39 +0000  3483 bytes for ./AppIcon29x29@2x.png
2017-12-20 05:24:39 +0000  copying file ./AppIcon29x29@2x~ipad.png ... 
2017-12-20 05:24:39 +0000  3483 bytes for ./AppIcon29x29@2x~ipad.png
copying file ./AppIcon29x29@3x.png ... 
2017-12-20 05:24:39 +0000  6770 bytes for ./AppIcon29x29@3x.png
copying file ./AppIcon29x29~ipad.png ... 
1270 bytes for ./AppIcon29x29~ipad.png
copying file ./AppIcon40x40@2x.png ... 
5949 bytes for ./AppIcon40x40@2x.png
copying file ./AppIcon40x40@2x~ipad.png ... 
5949 bytes for ./AppIcon40x40@2x~ipad.png
copying file ./AppIcon40x40@3x.png ... 
2017-12-20 05:24:39 +0000  10718 bytes for ./AppIcon40x40@3x.png
copying file ./AppIcon40x40~ipad.png ... 
2017 bytes for ./AppIcon40x40~ipad.png
copying file ./AppIcon57x57.png ... 
2017-12-20 05:24:39 +0000  3403 bytes for ./AppIcon57x57.png
copying file ./AppIcon60x60@2x.png ... 
2017-12-20 05:24:39 +0000  10718 bytes for ./AppIcon60x60@2x.png
copying file ./AppIcon60x60@3x.png ... 
19255 bytes for ./AppIcon60x60@3x.png
copying file ./AppIcon76x76@2x~ipad.png ... 
15051 bytes for ./AppIcon76x76@2x~ipad.png
copying file ./AppIcon76x76~ipad.png ... 
5479 bytes for ./AppIcon76x76~ipad.png
copying file ./AppIcon83.5x83.5@2x~ipad.png ... 
17163 bytes for ./AppIcon83.5x83.5@2x~ipad.png
copying file ./archived-expanded-entitlements.xcent ... 
246 bytes for ./archived-expanded-entitlements.xcent
copying file ./Assets.car ... 
18581 bytes for ./Assets.car
copying file ./Base.lproj/LaunchScreen.storyboardc/01J-lp-oVM-view-Ze5-6b-2t3.nib ... 
1790 bytes for ./Base.lproj/LaunchScreen.storyboardc/01J-lp-oVM-view-Ze5-6b-2t3.nib
copying file ./Base.lproj/LaunchScreen.storyboardc/Info.plist ... 
258 bytes for ./Base.lproj/LaunchScreen.storyboardc/Info.plist
copying file ./Base.lproj/LaunchScreen.storyboardc/UIViewController-01J-lp-oVM.nib ... 
832 bytes for ./Base.lproj/LaunchScreen.storyboardc/UIViewController-01J-lp-oVM.nib
copying file ./Base.lproj/Main.storyboardc/21Y-1N-ZkR-view-h33-aF-ph8.nib ... 
1792 bytes for ./Base.lproj/Main.storyboardc/21Y-1N-ZkR-view-h33-aF-ph8.nib
copying file ./Base.lproj/Main.storyboardc/BYZ-38-t0r-view-8bC-Xf-vdC.nib ... 
7341 bytes for ./Base.lproj/Main.storyboardc/BYZ-38-t0r-view-8bC-Xf-vdC.nib
copying file ./Base.lproj/Main.storyboardc/drg-pQ-96u-view-cBp-NW-8Mz.nib ... 
2129 bytes for ./Base.lproj/Main.storyboardc/drg-pQ-96u-view-cBp-NW-8Mz.nib
copying file ./Base.lproj/Main.storyboardc/Info.plist ... 
543 bytes for ./Base.lproj/Main.storyboardc/Info.plist
copying file ./Base.lproj/Main.storyboardc/TokenViewController.nib ... 
998 bytes for ./Base.lproj/Main.storyboardc/TokenViewController.nib
copying file ./Base.lproj/Main.storyboardc/UINavigationController-xeq-GG-uKy.nib ... 
2281 bytes for ./Base.lproj/Main.storyboardc/UINavigationController-xeq-GG-uKy.nib
copying file ./Base.lproj/Main.storyboardc/UIViewController-21Y-1N-ZkR.nib ... 
1330 bytes for ./Base.lproj/Main.storyboardc/UIViewController-21Y-1N-ZkR.nib
copying file ./Base.lproj/Main.storyboardc/UIViewController-YFE-Ly-sOb.nib ... 
968 bytes for ./Base.lproj/Main.storyboardc/UIViewController-YFE-Ly-sOb.nib
copying file ./Base.lproj/Main.storyboardc/V9o-BN-rc8-view-iNS-an-6nX.nib ... 
4812 bytes for ./Base.lproj/Main.storyboardc/V9o-BN-rc8-view-iNS-an-6nX.nib
copying file ./Base.lproj/Main.storyboardc/ViewController.nib ... 
1224 bytes for ./Base.lproj/Main.storyboardc/ViewController.nib
copying file ./Base.lproj/Main.storyboardc/WebViewController.nib ... 
2017-12-20 05:24:39 +0000  996 bytes for ./Base.lproj/Main.storyboardc/WebViewController.nib
copying file ./Base.lproj/Main.storyboardc/YFE-Ly-sOb-view-Wyz-DV-Phu.nib ... 
2017-12-20 05:24:39 +0000  2545 bytes for ./Base.lproj/Main.storyboardc/YFE-Ly-sOb-view-Wyz-DV-Phu.nib
copying file ./embedded.mobileprovision ... 
8496 bytes for ./embedded.mobileprovision
copying file ./Info.plist ... 
1468 bytes for ./Info.plist
copying file ./it.lproj/LaunchScreen.strings ... 
2017-12-20 05:24:40 +0000  1 bytes for ./it.lproj/LaunchScreen.strings
copying file ./it.lproj/Main.strings ... 
2017-12-20 05:24:40 +0000  2017-12-20 05:24:40 +0000  /usr/bin/ditto exited with 0

2017-12-20 05:24:40 +0000  903 bytes for ./it.lproj/Main.strings
copying file ./Notifiche Comune di Paradiso ... 
672512 bytes for ./Notifiche Comune di Paradiso
copying file ./PkgInfo ... 
8 bytes for ./PkgInfo
2017-12-20 05:24:40 +0000  Processing step: IDEDistributionEmbedProfileStep
2017-12-20 05:24:41 +0000  Processing step: IDEDistributionAppThinningPlistStep
2017-12-20 05:24:41 +0000  Skipping step: IDEDistributionAppThinningPlistStep because it said so
2017-12-20 05:24:41 +0000  Processing step: IDEDistributionCompileBitcodeStep
2017-12-20 05:24:41 +0000  Skipping step: IDEDistributionCompileBitcodeStep because it said so
2017-12-20 05:24:41 +0000  Processing step: IDEDistributionCodeSlimmingStep
2017-12-20 05:24:41 +0000  Processing step: IDEDistributionCopyBCSymbolMapsStep
2017-12-20 05:24:41 +0000  Skipping step: IDEDistributionCopyBCSymbolMapsStep because it said so
2017-12-20 05:24:41 +0000  Processing step: IDEDistributionSymbolsStep
2017-12-20 05:24:41 +0000  Skipping step: IDEDistributionSymbolsStep because it said so
2017-12-20 05:24:41 +0000  Processing step: IDEDistributionAppThinningStep
2017-12-20 05:24:41 +0000  Skipping step: IDEDistributionAppThinningStep because it said so
2017-12-20 05:24:41 +0000  Processing step: IDEDistributionODRStep
2017-12-20 05:24:41 +0000  Processing step: IDEDistributionStripXattrsStep
2017-12-20 05:24:41 +0000  Running /usr/bin/xattr '-cr' '/var/folders/pp/4tsy1r2n4sb822z2kwb5bpmh0000gn/T/XcodeDistPipeline.JIu/Root/Payload/Notifiche Comune di Paradiso.app'
2017-12-20 05:24:43 +0000  
2017-12-20 05:24:43 +0000  
2017-12-20 05:24:43 +0000  2017-12-20 05:24:43 +0000  /usr/bin/xattr exited with 0

2017-12-20 05:24:43 +0000  
2017-12-20 05:24:43 +0000  2017-12-20 05:24:43 +0000  Processing step: IDEDistributionCodesignStep

2017-12-20 05:24:43 +0000  Applying entitlements delta for <IDEDistributionItem: 0x7fc121df5cc0 'com.notifichecomunediparadiso' '<DVTFilePath:0x7fc11ed37980:'/Users/mohitsharma/Library/Developer/Xcode/Archives/2017-06-17/NotificheComunediParadiso 17-06-17, 1.10 AM.xcarchive/Products/Applications/Notifiche Comune di Paradiso.app'>'> from <IDEiCloudEntitlementsProcessor: 0x7fc122ae3a90>: {
}
2017-12-20 05:24:43 +0000  Entitlements for <IDEDistributionItem: 0x7fc121df5cc0 'com.notifichecomunediparadiso' '<DVTFilePath:0x7fc11ed37980:'/Users/mohitsharma/Library/Developer/Xcode/Archives/2017-06-17/NotificheComunediParadiso 17-06-17, 1.10 AM.xcarchive/Products/Applications/Notifiche Comune di Paradiso.app'>'>: {
    "application-identifier" = "2K32Z7H6XV.com.notifichecomunediparadiso";
    "aps-environment" = production;
    "com.apple.developer.team-identifier" = 2K32Z7H6XV;
    "get-task-allow" = 0;
}
2017-12-20 05:24:43 +0000  Writing entitlements for <IDEDistributionItem: 0x7fc121df5cc0 'com.notifichecomunediparadiso' '<DVTFilePath:0x7fc11ed37980:'/Users/mohitsharma/Library/Developer/Xcode/Archives/2017-06-17/NotificheComunediParadiso 17-06-17, 1.10 AM.xcarchive/Products/Applications/Notifiche Comune di Paradiso.app'>'> to: /var/folders/pp/4tsy1r2n4sb822z2kwb5bpmh0000gn/T/XcodeDistPipeline.JIu/entitlementswaAPWT
2017-12-20 05:24:43 +0000  Running /usr/bin/codesign '-vvv' '--force' '--sign' 'B87025A70C8C22DCA5245019168E00AAF0A579DC' '--preserve-metadata=identifier,flags' '--entitlements' '/var/folders/pp/4tsy1r2n4sb822z2kwb5bpmh0000gn/T/XcodeDistPipeline.JIu/entitlementswaAPWT' '/var/folders/pp/4tsy1r2n4sb822z2kwb5bpmh0000gn/T/XcodeDistPipeline.JIu/Root/Payload/Notifiche Comune di Paradiso.app'
2017-12-20 05:24:44 +0000  /var/folders/pp/4tsy1r2n4sb822z2kwb5bpmh0000gn/T/XcodeDistPipeline.JIu/Root/Payload/Notifiche Comune di Paradiso.app: replacing existing signature
2017-12-20 05:24:44 +0000  /var/folders/pp/4tsy1r2n4sb822z2kwb5bpmh0000gn/T/XcodeDistPipeline.JIu/Root/Payload/Notifiche Comune di Paradiso.app: signed app bundle with Mach-O universal (armv7 arm64) [com.notifichecomunediparadiso]
2017-12-20 05:24:44 +0000  2017-12-20 05:24:44 +0000  

2017-12-20 05:24:44 +0000  
2017-12-20 05:24:44 +0000  /usr/bin/codesign exited with 0
2017-12-20 05:24:44 +0000  2017-12-20 05:24:44 +0000  

2017-12-20 05:24:44 +0000  Processing step: IDEDistributionStreamingZipItemStep
2017-12-20 05:24:44 +0000  Skipping step: IDEDistributionStreamingZipItemStep because it said so
2017-12-20 05:24:44 +0000  Processing step: IDEDistributionCreateIPAStep
2017-12-20 05:24:44 +0000  Running /usr/bin/ditto '-V' '-c' '-k' '--norsrc' '/var/folders/pp/4tsy1r2n4sb822z2kwb5bpmh0000gn/T/XcodeDistPipeline.JIu/Root' '/var/folders/pp/4tsy1r2n4sb822z2kwb5bpmh0000gn/T/XcodeDistPipeline.JIu/Packages/NotificheComunediParadiso.ipa'
2017-12-20 05:24:44 +0000  >>> Copying /var/folders/pp/4tsy1r2n4sb822z2kwb5bpmh0000gn/T/XcodeDistPipeline.JIu/Root 
2017-12-20 05:24:44 +0000  copying file ./Payload/Notifiche Comune di Paradiso.app/_CodeSignature/CodeResources ... 
2017-12-20 05:24:44 +0000  15257 bytes for ./Payload/Notifiche Comune di Paradiso.app/_CodeSignature/CodeResources
2017-12-20 05:24:44 +0000  copying file ./Payload/Notifiche Comune di Paradiso.app/AppIcon20x20@2x.png ... 
2017 bytes for ./Payload/Notifiche Comune di Paradiso.app/AppIcon20x20@2x.png
copying file ./Payload/Notifiche Comune di Paradiso.app/AppIcon20x20@2x~ipad.png ... 
2017 bytes for ./Payload/Notifiche Comune di Paradiso.app/AppIcon20x20@2x~ipad.png
copying file ./Payload/Notifiche Comune di Paradiso.app/AppIcon20x20@3x.png ... 
2017-12-20 05:24:44 +0000  3683 bytes for ./Payload/Notifiche Comune di Paradiso.app/AppIcon20x20@3x.png
copying file ./Payload/Notifiche Comune di Paradiso.app/AppIcon20x20~ipad.png ... 
2017-12-20 05:24:44 +0000  759 bytes for ./Payload/Notifiche Comune di Paradiso.app/AppIcon20x20~ipad.png
copying file ./Payload/Notifiche Comune di Paradiso.app/AppIcon29x29.png ... 
1270 bytes for ./Payload/Notifiche Comune di Paradiso.app/AppIcon29x29.png
copying file ./Payload/Notifiche Comune di Paradiso.app/AppIcon29x29@2x.png ... 
2017-12-20 05:24:44 +0000  3483 bytes for ./Payload/Notifiche Comune di Paradiso.app/AppIcon29x29@2x.png
copying file ./Payload/Notifiche Comune di Paradiso.app/AppIcon29x29@2x~ipad.png ... 
2017-12-20 05:24:44 +0000  3483 bytes for ./Payload/Notifiche Comune di Paradiso.app/AppIcon29x29@2x~ipad.png
copying file ./Payload/Notifiche Comune di Paradiso.app/AppIcon29x29@3x.png ... 
2017-12-20 05:24:44 +0000  6770 bytes for ./Payload/Notifiche Comune di Paradiso.app/AppIcon29x29@3x.png
copying file ./Payload/Notifiche Comune di Paradiso.app/AppIcon29x29~ipad.png ... 
1270 bytes for ./Payload/Notifiche Comune di Paradiso.app/AppIcon29x29~ipad.png
copying file ./Payload/Notifiche Comune di Paradiso.app/AppIcon40x40@2x.png ... 
2017-12-20 05:24:44 +0000  5949 bytes for ./Payload/Notifiche Comune di Paradiso.app/AppIcon40x40@2x.png
copying file ./Payload/Notifiche Comune di Paradiso.app/AppIcon40x40@2x~ipad.png ... 
2017-12-20 05:24:44 +0000  5949 bytes for ./Payload/Notifiche Comune di Paradiso.app/AppIcon40x40@2x~ipad.png
copying file ./Payload/Notifiche Comune di Paradiso.app/AppIcon40x40@3x.png ... 
2017-12-20 05:24:44 +0000  10718 bytes for ./Payload/Notifiche Comune di Paradiso.app/AppIcon40x40@3x.png
copying file ./Payload/Notifiche Comune di Paradiso.app/AppIcon40x40~ipad.png ... 
2017-12-20 05:24:44 +0000  2017 bytes for ./Payload/Notifiche Comune di Paradiso.app/AppIcon40x40~ipad.png
copying file ./Payload/Notifiche Comune di Paradiso.app/AppIcon57x57.png ... 
2017-12-20 05:24:44 +0000  3403 bytes for ./Payload/Notifiche Comune di Paradiso.app/AppIcon57x57.png
copying file ./Payload/Notifiche Comune di Paradiso.app/AppIcon60x60@2x.png ... 
10718 bytes for ./Payload/Notifiche Comune di Paradiso.app/AppIcon60x60@2x.png
copying file ./Payload/Notifiche Comune di Paradiso.app/AppIcon60x60@3x.png ... 
19255 bytes for ./Payload/Notifiche Comune di Paradiso.app/AppIcon60x60@3x.png
copying file ./Payload/Notifiche Comune di Paradiso.app/AppIcon76x76@2x~ipad.png ... 
2017-12-20 05:24:44 +0000  15051 bytes for ./Payload/Notifiche Comune di Paradiso.app/AppIcon76x76@2x~ipad.png
copying file ./Payload/Notifiche Comune di Paradiso.app/AppIcon76x76~ipad.png ... 
5479 bytes for ./Payload/Notifiche Comune di Paradiso.app/AppIcon76x76~ipad.png
copying file ./Payload/Notifiche Comune di Paradiso.app/AppIcon83.5x83.5@2x~ipad.png ... 
2017-12-20 05:24:44 +0000  17163 bytes for ./Payload/Notifiche Comune di Paradiso.app/AppIcon83.5x83.5@2x~ipad.png
copying file ./Payload/Notifiche Comune di Paradiso.app/archived-expanded-entitlements.xcent ... 
2017-12-20 05:24:44 +0000  246 bytes for ./Payload/Notifiche Comune di Paradiso.app/archived-expanded-entitlements.xcent
copying file ./Payload/Notifiche Comune di Paradiso.app/Assets.car ... 
2017-12-20 05:24:44 +0000  18581 bytes for ./Payload/Notifiche Comune di Paradiso.app/Assets.car
copying file ./Payload/Notifiche Comune di Paradiso.app/Base.lproj/LaunchScreen.storyboardc/01J-lp-oVM-view-Ze5-6b-2t3.nib ... 
2017-12-20 05:24:44 +0000  1790 bytes for ./Payload/Notifiche Comune di Paradiso.app/Base.lproj/LaunchScreen.storyboardc/01J-lp-oVM-view-Ze5-6b-2t3.nib
copying file ./Payload/Notifiche Comune di Paradiso.app/Base.lproj/LaunchScreen.storyboardc/Info.plist ... 
258 bytes for ./Payload/Notifiche Comune di Paradiso.app/Base.lproj/LaunchScreen.storyboardc/Info.plist
2017-12-20 05:24:44 +0000  copying file ./Payload/Notifiche Comune di Paradiso.app/Base.lproj/LaunchScreen.storyboardc/UIViewController-01J-lp-oVM.nib ... 
832 bytes for ./Payload/Notifiche Comune di Paradiso.app/Base.lproj/LaunchScreen.storyboardc/UIViewController-01J-lp-oVM.nib
copying file ./Payload/Notifiche Comune di Paradiso.app/Base.lproj/Main.storyboardc/21Y-1N-ZkR-view-h33-aF-ph8.nib ... 
2017-12-20 05:24:44 +0000  1792 bytes for ./Payload/Notifiche Comune di Paradiso.app/Base.lproj/Main.storyboardc/21Y-1N-ZkR-view-h33-aF-ph8.nib
copying file ./Payload/Notifiche Comune di Paradiso.app/Base.lproj/Main.storyboardc/BYZ-38-t0r-view-8bC-Xf-vdC.nib ... 
2017-12-20 05:24:44 +0000  7341 bytes for ./Payload/Notifiche Comune di Paradiso.app/Base.lproj/Main.storyboardc/BYZ-38-t0r-view-8bC-Xf-vdC.nib
copying file ./Payload/Notifiche Comune di Paradiso.app/Base.lproj/Main.storyboardc/drg-pQ-96u-view-cBp-NW-8Mz.nib ... 
2017-12-20 05:24:44 +0000  2129 bytes for ./Payload/Notifiche Comune di Paradiso.app/Base.lproj/Main.storyboardc/drg-pQ-96u-view-cBp-NW-8Mz.nib
copying file ./Payload/Notifiche Comune di Paradiso.app/Base.lproj/Main.storyboardc/Info.plist ... 
2017-12-20 05:24:44 +0000  543 bytes for ./Payload/Notifiche Comune di Paradiso.app/Base.lproj/Main.storyboardc/Info.plist
copying file ./Payload/Notifiche Comune di Paradiso.app/Base.lproj/Main.storyboardc/TokenViewController.nib ... 
998 bytes for ./Payload/Notifiche Comune di Paradiso.app/Base.lproj/Main.storyboardc/TokenViewController.nib
copying file ./Payload/Notifiche Comune di Paradiso.app/Base.lproj/Main.storyboardc/UINavigationController-xeq-GG-uKy.nib ... 
2017-12-20 05:24:44 +0000  2281 bytes for ./Payload/Notifiche Comune di Paradiso.app/Base.lproj/Main.storyboardc/UINavigationController-xeq-GG-uKy.nib
copying file ./Payload/Notifiche Comune di Paradiso.app/Base.lproj/Main.storyboardc/UIViewController-21Y-1N-ZkR.nib ... 
2017-12-20 05:24:44 +0000  1330 bytes for ./Payload/Notifiche Comune di Paradiso.app/Base.lproj/Main.storyboardc/UIViewController-21Y-1N-ZkR.nib
copying file ./Payload/Notifiche Comune di Paradiso.app/Base.lproj/Main.storyboardc/UIViewController-YFE-Ly-sOb.nib ... 
968 bytes for ./Payload/Notifiche Comune di Paradiso.app/Base.lproj/Main.storyboardc/UIViewController-YFE-Ly-sOb.nib
copying file ./Payload/Notifiche Comune di Paradiso.app/Base.lproj/Main.storyboardc/V9o-BN-rc8-view-iNS-an-6nX.nib ... 
2017-12-20 05:24:44 +0000  4812 bytes for ./Payload/Notifiche Comune di Paradiso.app/Base.lproj/Main.storyboardc/V9o-BN-rc8-view-iNS-an-6nX.nib
copying file ./Payload/Notifiche Comune di Paradiso.app/Base.lproj/Main.storyboardc/ViewController.nib ... 
2017-12-20 05:24:44 +0000  1224 bytes for ./Payload/Notifiche Comune di Paradiso.app/Base.lproj/Main.storyboardc/ViewController.nib
copying file ./Payload/Notifiche Comune di Paradiso.app/Base.lproj/Main.storyboardc/WebViewController.nib ... 
996 bytes for ./Payload/Notifiche Comune di Paradiso.app/Base.lproj/Main.storyboardc/WebViewController.nib
copying file ./Payload/Notifiche Comune di Paradiso.app/Base.lproj/Main.storyboardc/YFE-Ly-sOb-view-Wyz-DV-Phu.nib ... 
2545 bytes for ./Payload/Notifiche Comune di Paradiso.app/Base.lproj/Main.storyboardc/YFE-Ly-sOb-view-Wyz-DV-Phu.nib
copying file ./Payload/Notifiche Comune di Paradiso.app/embedded.mobileprovision ... 
2017-12-20 05:24:44 +0000  8469 bytes for ./Payload/Notifiche Comune di Paradiso.app/embedded.mobileprovision
copying file ./Payload/Notifiche Comune di Paradiso.app/Info.plist ... 
2017-12-20 05:24:44 +0000  1468 bytes for ./Payload/Notifiche Comune di Paradiso.app/Info.plist
copying file ./Payload/Notifiche Comune di Paradiso.app/it.lproj/LaunchScreen.strings ... 
2017-12-20 05:24:44 +0000  1 bytes for ./Payload/Notifiche Comune di Paradiso.app/it.lproj/LaunchScreen.strings
copying file ./Payload/Notifiche Comune di Paradiso.app/it.lproj/Main.strings ... 
2017-12-20 05:24:44 +0000  903 bytes for ./Payload/Notifiche Comune di Paradiso.app/it.lproj/Main.strings
copying file ./Payload/Notifiche Comune di Paradiso.app/Notifiche Comune di Paradiso ... 
2017-12-20 05:24:44 +0000  672560 bytes for ./Payload/Notifiche Comune di Paradiso.app/Notifiche Comune di Paradiso
copying file ./Payload/Notifiche Comune di Paradiso.app/PkgInfo ... 
2017-12-20 05:24:44 +0000  2017-12-20 05:24:44 +0000  /usr/bin/ditto exited with 0

2017-12-20 05:24:44 +0000  8 bytes for ./Payload/Notifiche Comune di Paradiso.app/PkgInfo
2017-12-20 05:24:44 +0000  
2017-12-20 05:24:44 +0000  Processing step: IDEDistributionCreateManifestStep
